  EnnemyManager.cpp
D:\Projetrattrapage\Projet2\Projet2\Particle.hpp(39,27): warning C4244: 'argument' : conversion de 'double' en 'float', perte possible de données
D:\Projetrattrapage\Projet2\Projet2\EnnemyManager.cpp(63,2): warning C4267: 'initialisation' : conversion de 'size_t' en 'int', perte possible de données
D:\Projetrattrapage\Projet2\Projet2\EnnemyManager.cpp(90,22): warning C4244: 'argument' : conversion de 'float' en 'int', perte possible de données
D:\Projetrattrapage\Projet2\Projet2\EnnemyManager.cpp(90,17): warning C4244: 'argument' : conversion de 'float' en 'int', perte possible de données
D:\Projetrattrapage\Projet2\Projet2\EnnemyManager.cpp(95,22): warning C4244: 'argument' : conversion de 'float' en 'int', perte possible de données
D:\Projetrattrapage\Projet2\Projet2\EnnemyManager.cpp(95,17): warning C4244: 'argument' : conversion de 'float' en 'int', perte possible de données
D:\Projetrattrapage\Projet2\Projet2\EnnemyManager.cpp(100,22): warning C4244: 'argument' : conversion de 'float' en 'int', perte possible de données
D:\Projetrattrapage\Projet2\Projet2\EnnemyManager.cpp(100,17): warning C4244: 'argument' : conversion de 'float' en 'int', perte possible de données
D:\Projetrattrapage\Projet2\Projet2\EnnemyManager.cpp(105,23): warning C4244: 'argument' : conversion de 'float' en 'int', perte possible de données
D:\Projetrattrapage\Projet2\Projet2\EnnemyManager.cpp(105,17): warning C4244: 'argument' : conversion de 'float' en 'int', perte possible de données
D:\Projetrattrapage\Projet2\Projet2\EnnemyManager.cpp(128,61): warning C4244: 'argument' : conversion de 'int' en 'T', perte possible de données
          with
          [
              T=float
          ]
D:\Projetrattrapage\Projet2\Projet2\EnnemyManager.cpp(128,48): warning C4244: 'argument' : conversion de 'int' en 'T', perte possible de données
          with
          [
              T=float
          ]
D:\Projetrattrapage\Projet2\Projet2\EnnemyManager.cpp(139,2): warning C4267: 'initialisation' : conversion de 'size_t' en 'int', perte possible de données
D:\Projetrattrapage\Projet2\Projet2\EnnemyManager.cpp(169,3): warning C4267: 'initialisation' : conversion de 'size_t' en 'int', perte possible de données
  Game.cpp
D:\Projetrattrapage\Projet2\Projet2\Particle.hpp(39,27): warning C4244: 'argument' : conversion de 'double' en 'float', perte possible de données
D:\Projetrattrapage\Projet2\Projet2\Game.cpp(72,30): warning C4244: 'argument' : conversion de 'double' en 'float', perte possible de données
D:\Projetrattrapage\Projet2\Projet2\Game.cpp(73,30): warning C4244: 'argument' : conversion de 'double' en 'float', perte possible de données
D:\Projetrattrapage\Projet2\Projet2\Game.cpp(76,3): warning C4267: 'initialisation' : conversion de 'size_t' en 'int', perte possible de données
D:\Projetrattrapage\Projet2\Projet2\Game.cpp(78,19): warning C4244: 'argument' : conversion de 'double' en 'float', perte possible de données
D:\Projetrattrapage\Projet2\Projet2\Game.cpp(189,12): warning C4244: '=' : conversion de 'double' en 'float', perte possible de données
D:\Projetrattrapage\Projet2\Projet2\Game.cpp(190,12): warning C4244: '=' : conversion de 'double' en 'float', perte possible de données
D:\Projetrattrapage\Projet2\Projet2\Game.cpp(202,51): warning C4244: '+=' : conversion de 'double' en 'T', perte possible de données
          with
          [
              T=float
          ]
D:\Projetrattrapage\Projet2\Projet2\Game.cpp(203,52): warning C4244: '+=' : conversion de 'double' en 'T', perte possible de données
          with
          [
              T=float
          ]
  Projet2.cpp
D:\Projetrattrapage\Projet2\Projet2\Particle.hpp(39,27): warning C4244: 'argument' : conversion de 'double' en 'float', perte possible de données
  Génération de code en cours
  7 of 521 functions ( 1.3%) were compiled, the rest were copied from previous compilation.
    0 functions were new in current compilation
    9 functions had inline decision re-evaluated but remain unchanged
  Fin de la génération du code
  Projet2.vcxproj -> D:\Projetrattrapage\Projet2\x64\Release\Projet2.exe
