  BulletManager.cpp
D:\Projetrattrapage\Projet2\Projet2\Particle.hpp(37,27): warning C4244: 'argument' : conversion de 'double' en 'float', perte possible de données
D:\Projetrattrapage\Projet2\Projet2\BulletManager.cpp(28,2): warning C4267: 'initialisation' : conversion de 'size_t' en 'int', perte possible de données
D:\Projetrattrapage\Projet2\Projet2\BulletManager.cpp(45,2): warning C4267: 'initialisation' : conversion de 'size_t' en 'int', perte possible de données
  EnnemyManager.cpp
D:\Projetrattrapage\Projet2\Projet2\Particle.hpp(37,27): warning C4244: 'argument' : conversion de 'double' en 'float', perte possible de données
D:\Projetrattrapage\Projet2\Projet2\EnnemyManager.cpp(50,19): warning C4244: 'argument' : conversion de 'float' en 'int', perte possible de données
D:\Projetrattrapage\Projet2\Projet2\EnnemyManager.cpp(50,15): warning C4244: 'argument' : conversion de 'float' en 'int', perte possible de données
D:\Projetrattrapage\Projet2\Projet2\EnnemyManager.cpp(68,61): warning C4244: 'argument' : conversion de 'int' en 'T', perte possible de données
          with
          [
              T=float
          ]
D:\Projetrattrapage\Projet2\Projet2\EnnemyManager.cpp(68,48): warning C4244: 'argument' : conversion de 'int' en 'T', perte possible de données
          with
          [
              T=float
          ]
D:\Projetrattrapage\Projet2\Projet2\EnnemyManager.cpp(79,2): warning C4267: 'initialisation' : conversion de 'size_t' en 'int', perte possible de données
D:\Projetrattrapage\Projet2\Projet2\EnnemyManager.cpp(109,3): warning C4267: 'initialisation' : conversion de 'size_t' en 'int', perte possible de données
  Game.cpp
D:\Projetrattrapage\Projet2\Projet2\Particle.hpp(37,27): warning C4244: 'argument' : conversion de 'double' en 'float', perte possible de données
D:\Projetrattrapage\Projet2\Projet2\Game.cpp(49,29): warning C4244: 'argument' : conversion de 'double' en 'float', perte possible de données
D:\Projetrattrapage\Projet2\Projet2\Game.cpp(50,29): warning C4244: 'argument' : conversion de 'double' en 'float', perte possible de données
D:\Projetrattrapage\Projet2\Projet2\Game.cpp(116,12): warning C4244: '=' : conversion de 'double' en 'float', perte possible de données
D:\Projetrattrapage\Projet2\Projet2\Game.cpp(117,12): warning C4244: '=' : conversion de 'double' en 'float', perte possible de données
D:\Projetrattrapage\Projet2\Projet2\Game.cpp(130,51): warning C4244: '+=' : conversion de 'double' en 'T', perte possible de données
          with
          [
              T=float
          ]
D:\Projetrattrapage\Projet2\Projet2\Game.cpp(131,52): warning C4244: '+=' : conversion de 'double' en 'T', perte possible de données
          with
          [
              T=float
          ]
  PlayerController.cpp
D:\Projetrattrapage\Projet2\Projet2\PlayerController.cpp(12,24): warning C4244: 'argument' : conversion de 'double' en 'float', perte possible de données
D:\Projetrattrapage\Projet2\Projet2\PlayerController.cpp(16,24): warning C4244: 'argument' : conversion de 'double' en 'float', perte possible de données
  Projet2.cpp
D:\Projetrattrapage\Projet2\Projet2\Particle.hpp(37,27): warning C4244: 'argument' : conversion de 'double' en 'float', perte possible de données
  SceneManager.cpp
D:\Projetrattrapage\Projet2\Projet2\Particle.hpp(37,27): warning C4244: 'argument' : conversion de 'double' en 'float', perte possible de données
  Génération de code en cours...
  Projet2.vcxproj -> D:\Projetrattrapage\Projet2\x64\Debug\Projet2.exe
